Using pre-set license
Built from '2020.3/release' branch; Version is '2020.3.12f1 (b3b2c6512326) revision 11776710'; Using compiler version '192528614'; Build Type 'Release'
OS: 'Windows 10 Enterprise; OS build 19042.1052; Version 2009; 64bit' Language: 'en' Physical Memory: 32561 MB
BatchMode: 1, IsHumanControllingUs: 0, StartBugReporterOnCrash: 0, Is64bit: 1, IsPro: 0

 COMMAND LINE ARGUMENTS:
C:\Program Files\Unity\Hub\Editor\2020.3.12f1\Editor\Unity.exe
-adb2
-batchMode
-noUpm
-name
AssetImportWorker0
-projectPath
C:/Users/Andrew Peters/Documents/GitHub/tutorial-image-messages
-logFile
Logs/AssetImportWorker0.log
-srvPort
52716
Successfully changed project path to: C:/Users/Andrew Peters/Documents/GitHub/tutorial-image-messages
C:/Users/Andrew Peters/Documents/GitHub/tutorial-image-messages
Using Asset Import Pipeline V2.
Refreshing native plugins compatible for Editor in 36.01 ms, found 2 plugins.
Preloading 0 native plugins for Editor in 0.00 ms.
Initialize engine version: 2020.3.12f1 (b3b2c6512326)
[Subsystems] Discovering subsystems at path C:/Program Files/Unity/Hub/Editor/2020.3.12f1/Editor/Data/Resources/UnitySubsystems
[Subsystems] Discovering subsystems at path C:/Users/Andrew Peters/Documents/GitHub/tutorial-image-messages/Assets
GfxDevice: creating device client; threaded=0
Direct3D:
    Version:  Direct3D 11.0 [level 11.1]
    Renderer: NVIDIA GeForce RTX 2080 with Max-Q Design (ID=0x1e90)
    Vendor:   
    VRAM:     8010 MB
    Driver:   30.0.14.7111
Initialize mono
Mono path[0] = 'C:/Program Files/Unity/Hub/Editor/2020.3.12f1/Editor/Data/Managed'
Mono path[1] = 'C:/Program Files/Unity/Hub/Editor/2020.3.12f1/Editor/Data/MonoBleedingEdge/lib/mono/unityjit'
Mono config path = 'C:/Program Files/Unity/Hub/Editor/2020.3.12f1/Editor/Data/MonoBleedingEdge/etc'
Using monoOptions --debugger-agent=transport=dt_socket,embedding=1,server=y,suspend=n,address=127.0.0.1:56168
Begin MonoManager ReloadAssembly
Registering precompiled unity dll's ...
Register platform support module: C:/Program Files/Unity/Hub/Editor/2020.3.12f1/Editor/Data/PlaybackEngines/WebGLSupport/UnityEditor.WebGL.Extensions.dll
Register platform support module: C:/Program Files/Unity/Hub/Editor/2020.3.12f1/Editor/Data/PlaybackEngines/WindowsStandaloneSupport/UnityEditor.WindowsStandalone.Extensions.dll
Register platform support module: C:/Program Files/Unity/Hub/Editor/2020.3.12f1/Editor/Data/PlaybackEngines/LinuxStandaloneSupport/UnityEditor.LinuxStandalone.Extensions.dll
Registered in 0.002665 seconds.
Native extension for LinuxStandalone target not found
Native extension for WindowsStandalone target not found
Native extension for WebGL target not found
Refreshing native plugins compatible for Editor in 25.54 ms, found 2 plugins.
Preloading 0 native plugins for Editor in 0.00 ms.
Mono: successfully reloaded assembly
- Completed reload, in  2.121 seconds
Platform modules already initialized, skipping
Registering precompiled user dll's ...
Registered in 0.007550 seconds.
Begin MonoManager ReloadAssembly
Native extension for LinuxStandalone target not found
Native extension for WindowsStandalone target not found
Native extension for WebGL target not found
Refreshing native plugins compatible for Editor in 0.97 ms, found 2 plugins.
Preloading 0 native plugins for Editor in 0.00 ms.
Mono: successfully reloaded assembly
- Completed reload, in  1.041 seconds
Platform modules already initialized, skipping
========================================================================
Worker process is ready to serve import requests
Launched and connected shader compiler UnityShaderCompiler.exe after 0.08 seconds
Refreshing native plugins compatible for Editor in 0.46 ms, found 2 plugins.
Preloading 0 native plugins for Editor in 0.00 ms.
Unloading 1471 Unused Serialized files (Serialized files now loaded: 0)
System memory in use before: 66.9 MB.
System memory in use after: 66.9 MB.

Unloading 28 unused Assets to reduce memory usage. Loaded Objects now: 1895.
Total: 2.284300 ms (FindLiveObjects: 0.196800 ms CreateObjectMapping: 0.068500 ms MarkObjects: 1.939300 ms  DeleteObjects: 0.078500 ms)

AssetImportParameters requested are different than current active one (requested -> active):
  custom:framework-win-MediaFoundation: 216162199b28c13a410421893ffa2e32 -> 
  custom:video-decoder-ogg-theora: a1e56fd34408186e4bbccfd4996cb3dc -> 
  custom:container-muxer-webm: aa71ff27fc2769a1b78a27578f13a17b -> 
  custom:container-demuxer-webm: 4f35f7cbe854078d1ac9338744f61a02 -> 
  custom:container-demuxer-ogg: 62fdf1f143b41e24485cea50d1cbac27 -> 
  custom:video-encoder-webm-vp8: eb34c28f22e8b96e1ab97ce403110664 -> 
  custom:video-decoder-webm-vp8: 9c59270c3fd7afecdb556c50c9e8de78 -> 
  custom:audio-decoder-ogg-vorbis: bf7c407c2cedff20999df2af8eb42d56 -> 
  custom:audio-encoder-webm-vorbis: bf7c407c2cedff20999df2af8eb42d56 -> 
========================================================================
Received Import Request.
  path: Assets
  artifactKey: Guid(00000000000000001000000000000000) Importer(815301076,1909f56bfc062723c751e8b465ee728b)
Start importing Assets using Guid(00000000000000001000000000000000) Importer(815301076,1909f56bfc062723c751e8b465ee728b)  -> (artifact id: '42d402b061de3733987d63b9cc3b64de') in 0.004871 seconds 
  Import took 0.007631 seconds .

========================================================================
Received Import Request.
  Time since last request: 3.964292 seconds.
  path: Assets
  artifactKey: Guid(00000000000000001000000000000000) Importer(815301076,1909f56bfc062723c751e8b465ee728b)
Start importing Assets using Guid(00000000000000001000000000000000) Importer(815301076,1909f56bfc062723c751e8b465ee728b)  -> (artifact id: '42d402b061de3733987d63b9cc3b64de') in 0.002689 seconds 
  Import took 0.005545 seconds .

========================================================================
Received Import Request.
  Time since last request: 264.388818 seconds.
  path: Assets/Resources/ddna_configuration.asset
  artifactKey: Guid(796fd4d16e3ddf94698375d2034088f0) Importer(815301076,1909f56bfc062723c751e8b465ee728b)
Start importing Assets/Resources/ddna_configuration.asset using Guid(796fd4d16e3ddf94698375d2034088f0) Importer(815301076,1909f56bfc062723c751e8b465ee728b)  -> (artifact id: '3ea0bb8edb1cb68f73323480adadd2f5') in 0.028769 seconds 
  Import took 0.031176 seconds .

========================================================================
Received Import Request.
  Time since last request: 840.212091 seconds.
  path: Assets/Prefabs
  artifactKey: Guid(7e6a7f5917773d84e85e3d40d2b5bed0) Importer(815301076,1909f56bfc062723c751e8b465ee728b)
Start importing Assets/Prefabs using Guid(7e6a7f5917773d84e85e3d40d2b5bed0) Importer(815301076,1909f56bfc062723c751e8b465ee728b)  -> (artifact id: 'be2520b63ce94a6f947bc5a5840534b2') in 0.003519 seconds 
  Import took 0.006925 seconds .

========================================================================
Received Import Request.
  Time since last request: 9.538358 seconds.
  path: Assets/Prefabs/PopupImage.prefab
  artifactKey: Guid(ee44fba1a126c9b41b580a9a4b2e20c2) Importer(815301076,1909f56bfc062723c751e8b465ee728b)
Start importing Assets/Prefabs/PopupImage.prefab using Guid(ee44fba1a126c9b41b580a9a4b2e20c2) Importer(815301076,1909f56bfc062723c751e8b465ee728b)  -> (artifact id: '2a57ee8acb4923f6104992d2003062e7') in 0.018343 seconds 
  Import took 0.020519 seconds .

========================================================================
Received Import Request.
  Time since last request: 0.000748 seconds.
  path: Assets/Prefabs/PopupImage.prefab
  artifactKey: Guid(ee44fba1a126c9b41b580a9a4b2e20c2) Importer(815301076,1909f56bfc062723c751e8b465ee728b)
Start importing Assets/Prefabs/PopupImage.prefab using Guid(ee44fba1a126c9b41b580a9a4b2e20c2) Importer(815301076,1909f56bfc062723c751e8b465ee728b)  -> (artifact id: '2a57ee8acb4923f6104992d2003062e7') in 0.003492 seconds 
  Import took 0.005738 seconds .

========================================================================
Received Import Request.
  Time since last request: 16.516567 seconds.
  path: Assets/Scripts
  artifactKey: Guid(15c8df6a8d8927648aee770503dcb9fe) Importer(815301076,1909f56bfc062723c751e8b465ee728b)
Start importing Assets/Scripts using Guid(15c8df6a8d8927648aee770503dcb9fe) Importer(815301076,1909f56bfc062723c751e8b465ee728b)  -> (artifact id: '2643ca121cb5007823e2e0b87dccc1fd') in 0.002895 seconds 
  Import took 0.005609 seconds .

========================================================================
Received Import Request.
  Time since last request: 69.950178 seconds.
  path: Assets/Scripts/PopupImage.cs
  artifactKey: Guid(8a7d163b6eafaf74295886f19712b745) Importer(815301076,1909f56bfc062723c751e8b465ee728b)
Start importing Assets/Scripts/PopupImage.cs using Guid(8a7d163b6eafaf74295886f19712b745) Importer(815301076,1909f56bfc062723c751e8b465ee728b)  -> (artifact id: '5bf88190a2d2c3cb875774851c61eca0') in 0.016616 seconds 
  Import took 0.018927 seconds .

========================================================================
Received Import Request.
  Time since last request: 0.001352 seconds.
  path: Assets/Scripts/PopupImage.cs
  artifactKey: Guid(8a7d163b6eafaf74295886f19712b745) Importer(815301076,1909f56bfc062723c751e8b465ee728b)
Start importing Assets/Scripts/PopupImage.cs using Guid(8a7d163b6eafaf74295886f19712b745) Importer(815301076,1909f56bfc062723c751e8b465ee728b)  -> (artifact id: '5bf88190a2d2c3cb875774851c61eca0') in 0.002462 seconds 
  Import took 0.004519 seconds .

========================================================================
Received Prepare
Registering precompiled user dll's ...
Registered in 0.004946 seconds.
Begin MonoManager ReloadAssembly
Native extension for LinuxStandalone target not found
Native extension for WindowsStandalone target not found
Native extension for WebGL target not found
Refreshing native plugins compatible for Editor in 0.40 ms, found 2 plugins.
Preloading 0 native plugins for Editor in 0.00 ms.
Mono: successfully reloaded assembly
- Completed reload, in  0.978 seconds
Platform modules already initialized, skipping
Refreshing native plugins compatible for Editor in 0.37 ms, found 2 plugins.
Preloading 0 native plugins for Editor in 0.00 ms.
Unloading 1466 Unused Serialized files (Serialized files now loaded: 0)
System memory in use before: 66.7 MB.
System memory in use after: 66.8 MB.

Unloading 23 unused Assets to reduce memory usage. Loaded Objects now: 1899.
Total: 2.237700 ms (FindLiveObjects: 0.169600 ms CreateObjectMapping: 0.038800 ms MarkObjects: 1.965400 ms  DeleteObjects: 0.062800 ms)

AssetImportParameters requested are different than current active one (requested -> active):
  custom:framework-win-MediaFoundation: 216162199b28c13a410421893ffa2e32 -> 
  custom:video-decoder-ogg-theora: a1e56fd34408186e4bbccfd4996cb3dc -> 
  custom:container-muxer-webm: aa71ff27fc2769a1b78a27578f13a17b -> 
  custom:container-demuxer-webm: 4f35f7cbe854078d1ac9338744f61a02 -> 
  custom:container-demuxer-ogg: 62fdf1f143b41e24485cea50d1cbac27 -> 
  custom:video-encoder-webm-vp8: eb34c28f22e8b96e1ab97ce403110664 -> 
  custom:video-decoder-webm-vp8: 9c59270c3fd7afecdb556c50c9e8de78 -> 
  custom:audio-decoder-ogg-vorbis: bf7c407c2cedff20999df2af8eb42d56 -> 
  custom:audio-encoder-webm-vorbis: bf7c407c2cedff20999df2af8eb42d56 -> 
========================================================================
Received Prepare
Registering precompiled user dll's ...
Registered in 0.006099 seconds.
Begin MonoManager ReloadAssembly
Native extension for LinuxStandalone target not found
Native extension for WindowsStandalone target not found
Native extension for WebGL target not found
Refreshing native plugins compatible for Editor in 0.42 ms, found 2 plugins.
Preloading 0 native plugins for Editor in 0.00 ms.
Mono: successfully reloaded assembly
- Completed reload, in  1.117 seconds
Platform modules already initialized, skipping
Refreshing native plugins compatible for Editor in 0.41 ms, found 2 plugins.
Preloading 0 native plugins for Editor in 0.00 ms.
Unloading 1466 Unused Serialized files (Serialized files now loaded: 0)
System memory in use before: 66.8 MB.
System memory in use after: 66.9 MB.

Unloading 23 unused Assets to reduce memory usage. Loaded Objects now: 1902.
Total: 2.529300 ms (FindLiveObjects: 0.172300 ms CreateObjectMapping: 0.077600 ms MarkObjects: 2.257500 ms  DeleteObjects: 0.020500 ms)

AssetImportParameters requested are different than current active one (requested -> active):
  custom:framework-win-MediaFoundation: 216162199b28c13a410421893ffa2e32 -> 
  custom:video-decoder-ogg-theora: a1e56fd34408186e4bbccfd4996cb3dc -> 
  custom:container-muxer-webm: aa71ff27fc2769a1b78a27578f13a17b -> 
  custom:container-demuxer-webm: 4f35f7cbe854078d1ac9338744f61a02 -> 
  custom:container-demuxer-ogg: 62fdf1f143b41e24485cea50d1cbac27 -> 
  custom:video-encoder-webm-vp8: eb34c28f22e8b96e1ab97ce403110664 -> 
  custom:video-decoder-webm-vp8: 9c59270c3fd7afecdb556c50c9e8de78 -> 
  custom:audio-decoder-ogg-vorbis: bf7c407c2cedff20999df2af8eb42d56 -> 
  custom:audio-encoder-webm-vorbis: bf7c407c2cedff20999df2af8eb42d56 -> 
========================================================================
Received Import Request.
  Time since last request: 1119.944489 seconds.
  path: Assets/Scripts/PopupImage.cs
  artifactKey: Guid(8a7d163b6eafaf74295886f19712b745) Importer(815301076,1909f56bfc062723c751e8b465ee728b)
Start importing Assets/Scripts/PopupImage.cs using Guid(8a7d163b6eafaf74295886f19712b745) Importer(815301076,1909f56bfc062723c751e8b465ee728b)  -> (artifact id: 'abb1bb1d98d75875e65f7c17e4deb052') in 0.007454 seconds 
  Import took 0.010031 seconds .

========================================================================
Received Import Request.
  Time since last request: 22.912248 seconds.
  path: Assets/Prefabs/PopupImage.prefab
  artifactKey: Guid(ee44fba1a126c9b41b580a9a4b2e20c2) Importer(815301076,1909f56bfc062723c751e8b465ee728b)
Start importing Assets/Prefabs/PopupImage.prefab using Guid(ee44fba1a126c9b41b580a9a4b2e20c2) Importer(815301076,1909f56bfc062723c751e8b465ee728b)  -> (artifact id: '740cf4956d47ab52c8abd5fd625cec32') in 0.029360 seconds 
  Import took 0.033329 seconds .

========================================================================
Received Import Request.
  Time since last request: 0.005085 seconds.
  path: Assets/Prefabs/PopupImage.prefab
  artifactKey: Guid(ee44fba1a126c9b41b580a9a4b2e20c2) Importer(815301076,1909f56bfc062723c751e8b465ee728b)
Start importing Assets/Prefabs/PopupImage.prefab using Guid(ee44fba1a126c9b41b580a9a4b2e20c2) Importer(815301076,1909f56bfc062723c751e8b465ee728b)  -> (artifact id: '740cf4956d47ab52c8abd5fd625cec32') in 0.005884 seconds 
  Import took 0.008876 seconds .

========================================================================
Received Import Request.
  Time since last request: 72.022139 seconds.
  path: Assets/Scripts/DDNAScript.cs
  artifactKey: Guid(c3efaa37a92315f43a64894ab242fb24) Importer(815301076,1909f56bfc062723c751e8b465ee728b)
Start importing Assets/Scripts/DDNAScript.cs using Guid(c3efaa37a92315f43a64894ab242fb24) Importer(815301076,1909f56bfc062723c751e8b465ee728b)  -> (artifact id: '495c59a175150d7593bcd5b84283f33b') in 0.002742 seconds 
  Import took 0.005497 seconds .

========================================================================
Received Prepare
Registering precompiled user dll's ...
Registered in 0.005166 seconds.
Begin MonoManager ReloadAssembly
Native extension for LinuxStandalone target not found
Native extension for WindowsStandalone target not found
Native extension for WebGL target not found
Refreshing native plugins compatible for Editor in 0.42 ms, found 2 plugins.
Preloading 0 native plugins for Editor in 0.00 ms.
Mono: successfully reloaded assembly
- Completed reload, in  1.290 seconds
Platform modules already initialized, skipping
Refreshing native plugins compatible for Editor in 0.42 ms, found 2 plugins.
Preloading 0 native plugins for Editor in 0.00 ms.
Unloading 1467 Unused Serialized files (Serialized files now loaded: 0)
System memory in use before: 66.9 MB.
System memory in use after: 67.0 MB.

Unloading 23 unused Assets to reduce memory usage. Loaded Objects now: 1906.
Total: 1.982100 ms (FindLiveObjects: 0.148200 ms CreateObjectMapping: 0.043200 ms MarkObjects: 1.754600 ms  DeleteObjects: 0.035100 ms)

AssetImportParameters requested are different than current active one (requested -> active):
  custom:framework-win-MediaFoundation: 216162199b28c13a410421893ffa2e32 -> 
  custom:video-decoder-ogg-theora: a1e56fd34408186e4bbccfd4996cb3dc -> 
  custom:container-muxer-webm: aa71ff27fc2769a1b78a27578f13a17b -> 
  custom:container-demuxer-webm: 4f35f7cbe854078d1ac9338744f61a02 -> 
  custom:container-demuxer-ogg: 62fdf1f143b41e24485cea50d1cbac27 -> 
  custom:video-encoder-webm-vp8: eb34c28f22e8b96e1ab97ce403110664 -> 
  custom:video-decoder-webm-vp8: 9c59270c3fd7afecdb556c50c9e8de78 -> 
  custom:audio-decoder-ogg-vorbis: bf7c407c2cedff20999df2af8eb42d56 -> 
  custom:audio-encoder-webm-vorbis: bf7c407c2cedff20999df2af8eb42d56 -> 
